<?xml version="1.0" encoding="UTF-8"?>
<coverage generated="1736875563715" clover="3.2.0">
  <project timestamp="1736875563716" name="All files">
    <metrics statements="21" coveredstatements="21" conditionals="9" coveredconditionals="9" methods="6" coveredmethods="6" elements="36" coveredelements="36" complexity="0" loc="21" ncloc="21" packages="3" files="9" classes="9"/>
    <package name="components.customInput">
      <metrics statements="9" coveredstatements="9" conditionals="9" coveredconditionals="9" methods="4" coveredmethods="4"/>
      <file name="colors.ts" path="C:\Users\Windows 10\Desktop\desafio\desafio-hand-talk\src\components\customInput\colors.ts">
        <metrics statements="1" coveredstatements="1" conditionals="0" coveredconditionals="0" methods="0" coveredmethods="0"/>
        <line num="1" count="2" type="stmt"/>
      </file>
      <file name="customInput.styles.ts" path="C:\Users\Windows 10\Desktop\desafio\desafio-hand-talk\src\components\customInput\customInput.styles.ts">
        <metrics statements="6" coveredstatements="6" conditionals="6" coveredconditionals="6" methods="3" coveredmethods="3"/>
        <line num="4" count="2" type="stmt"/>
        <line num="9" count="2" type="stmt"/>
        <line num="13" count="2" type="cond" truecount="2" falsecount="0"/>
        <line num="16" count="2" type="stmt"/>
        <line num="23" count="9" type="cond" truecount="2" falsecount="0"/>
        <line num="26" count="9" type="cond" truecount="2" falsecount="0"/>
      </file>
      <file name="customInput.view.tsx" path="C:\Users\Windows 10\Desktop\desafio\desafio-hand-talk\src\components\customInput\customInput.view.tsx">
        <metrics statements="2" coveredstatements="2" conditionals="3" coveredconditionals="3" methods="1" coveredmethods="1"/>
        <line num="7" count="9" type="cond" truecount="1" falsecount="0"/>
        <line num="9" count="9" type="stmt"/>
      </file>
      <file name="index.tsx" path="C:\Users\Windows 10\Desktop\desafio\desafio-hand-talk\src\components\customInput\index.tsx">
        <metrics statements="0" coveredstatements="0" conditionals="0" coveredconditionals="0" methods="0" coveredmethods="0"/>
      </file>
    </package>
    <package name="components.header">
      <metrics statements="5" coveredstatements="5" conditionals="0" coveredconditionals="0" methods="1" coveredmethods="1"/>
      <file name="header.styles.ts" path="C:\Users\Windows 10\Desktop\desafio\desafio-hand-talk\src\components\header\header.styles.ts">
        <metrics statements="4" coveredstatements="4" conditionals="0" coveredconditionals="0" methods="0" coveredmethods="0"/>
        <line num="3" count="1" type="stmt"/>
        <line num="14" count="1" type="stmt"/>
        <line num="18" count="1" type="stmt"/>
        <line num="24" count="1" type="stmt"/>
      </file>
      <file name="header.view.tsx" path="C:\Users\Windows 10\Desktop\desafio\desafio-hand-talk\src\components\header\header.view.tsx">
        <metrics statements="1" coveredstatements="1" conditionals="0" coveredconditionals="0" methods="1" coveredmethods="1"/>
        <line num="6" count="1" type="stmt"/>
      </file>
    </package>
    <package name="screens.login">
      <metrics statements="7" coveredstatements="7" conditionals="0" coveredconditionals="0" methods="1" coveredmethods="1"/>
      <file name="login.styles.ts" path="C:\Users\Windows 10\Desktop\desafio\desafio-hand-talk\src\screens\login\login.styles.ts">
        <metrics statements="5" coveredstatements="5" conditionals="0" coveredconditionals="0" methods="0" coveredmethods="0"/>
        <line num="4" count="1" type="stmt"/>
        <line num="12" count="1" type="stmt"/>
        <line num="19" count="1" type="stmt"/>
        <line num="28" count="1" type="stmt"/>
        <line num="34" count="1" type="stmt"/>
      </file>
      <file name="login.types.ts" path="C:\Users\Windows 10\Desktop\desafio\desafio-hand-talk\src\screens\login\login.types.ts">
        <metrics statements="0" coveredstatements="0" conditionals="0" coveredconditionals="0" methods="0" coveredmethods="0"/>
      </file>
      <file name="login.view.tsx" path="C:\Users\Windows 10\Desktop\desafio\desafio-hand-talk\src\screens\login\login.view.tsx">
        <metrics statements="2" coveredstatements="2" conditionals="0" coveredconditionals="0" methods="1" coveredmethods="1"/>
        <line num="10" count="3" type="stmt"/>
        <line num="12" count="3" type="stmt"/>
      </file>
    </package>
  </project>
</coverage>
