{"C:\\Users\\Windows 10\\Desktop\\desafio\\desafio-hand-talk\\src\\components\\customInput\\colors.ts": {"path":"C:\\Users\\Windows 10\\Desktop\\desafio\\desafio-hand-talk\\src\\components\\customInput\\colors.ts","statementMap":{"0":{"start":{"line":1,"column":22},"end":{"line":10,"column":3}}},"fnMap":{},"branchMap":{},"s":{"0":2},"f":{},"b":{},"_coverageSchema":"1a1c01bbd47fc00a2c39e90264f33305004495a9","hash":"7af553e03313cfc7767e912956bcdf3cb6cc9e67"}
,"C:\\Users\\Windows 10\\Desktop\\desafio\\desafio-hand-talk\\src\\components\\customInput\\customInput.styles.ts": {"path":"C:\\Users\\Windows 10\\Desktop\\desafio\\desafio-hand-talk\\src\\components\\customInput\\customInput.styles.ts","statementMap":{"0":{"start":{"line":4,"column":25},"end":{"line":7,"column":1}},"1":{"start":{"line":9,"column":21},"end":{"line":14,"column":1}},"2":{"start":{"line":13,"column":4},"end":{"line":13,"column":63}},"3":{"start":{"line":16,"column":31},"end":{"line":27,"column":1}},"4":{"start":{"line":23,"column":4},"end":{"line":23,"column":67}},"5":{"start":{"line":26,"column":4},"end":{"line":26,"column":63}}},"fnMap":{"0":{"name":"(anonymous_0)","decl":{"start":{"line":12,"column":11},"end":{"line":12,"column":12}},"loc":{"start":{"line":13,"column":4},"end":{"line":13,"column":63}},"line":13},"1":{"name":"(anonymous_1)","decl":{"start":{"line":22,"column":18},"end":{"line":22,"column":19}},"loc":{"start":{"line":23,"column":4},"end":{"line":23,"column":67}},"line":23},"2":{"name":"(anonymous_2)","decl":{"start":{"line":25,"column":11},"end":{"line":25,"column":12}},"loc":{"start":{"line":26,"column":4},"end":{"line":26,"column":63}},"line":26}},"branchMap":{"0":{"loc":{"start":{"line":13,"column":4},"end":{"line":13,"column":63}},"type":"cond-expr","locations":[{"start":{"line":13,"column":27},"end":{"line":13,"column":43}},{"start":{"line":13,"column":46},"end":{"line":13,"column":63}}],"line":13},"1":{"loc":{"start":{"line":23,"column":4},"end":{"line":23,"column":67}},"type":"cond-expr","locations":[{"start":{"line":23,"column":27},"end":{"line":23,"column":45}},{"start":{"line":23,"column":48},"end":{"line":23,"column":67}}],"line":23},"2":{"loc":{"start":{"line":26,"column":4},"end":{"line":26,"column":63}},"type":"cond-expr","locations":[{"start":{"line":26,"column":27},"end":{"line":26,"column":43}},{"start":{"line":26,"column":46},"end":{"line":26,"column":63}}],"line":26}},"s":{"0":2,"1":2,"2":2,"3":2,"4":9,"5":9},"f":{"0":2,"1":9,"2":9},"b":{"0":[1,1],"1":[1,8],"2":[1,8]},"_coverageSchema":"1a1c01bbd47fc00a2c39e90264f33305004495a9","hash":"7274feff45dd9112767225170bc73aad6f464110"}
,"C:\\Users\\Windows 10\\Desktop\\desafio\\desafio-hand-talk\\src\\components\\customInput\\customInput.view.tsx": {"path":"C:\\Users\\Windows 10\\Desktop\\desafio\\desafio-hand-talk\\src\\components\\customInput\\customInput.view.tsx","statementMap":{"0":{"start":{"line":7,"column":50},"end":{"line":7,"column":55}},"1":{"start":{"line":9,"column":2},"end":{"line":18,"column":4}}},"fnMap":{"0":{"name":"CustomInput","decl":{"start":{"line":6,"column":16},"end":{"line":6,"column":27}},"loc":{"start":{"line":6,"column":47},"end":{"line":19,"column":1}},"line":6}},"branchMap":{"0":{"loc":{"start":{"line":7,"column":17},"end":{"line":7,"column":36}},"type":"default-arg","locations":[{"start":{"line":7,"column":29},"end":{"line":7,"column":36}}],"line":7},"1":{"loc":{"start":{"line":11,"column":7},"end":{"line":15,"column":7}},"type":"binary-expr","locations":[{"start":{"line":11,"column":7},"end":{"line":11,"column":14}},{"start":{"line":12,"column":8},"end":{"line":14,"column":18}}],"line":11}},"s":{"0":9,"1":9},"f":{"0":9},"b":{"0":[2],"1":[9,2]},"_coverageSchema":"1a1c01bbd47fc00a2c39e90264f33305004495a9","hash":"8fbdaec6bb3c18c42cd471670a278c1338383619"}
,"C:\\Users\\Windows 10\\Desktop\\desafio\\desafio-hand-talk\\src\\components\\customInput\\index.tsx": {"path":"C:\\Users\\Windows 10\\Desktop\\desafio\\desafio-hand-talk\\src\\components\\customInput\\index.tsx","statementMap":{},"fnMap":{},"branchMap":{},"s":{},"f":{},"b":{},"_coverageSchema":"1a1c01bbd47fc00a2c39e90264f33305004495a9","hash":"9621c93dbd69066745b39e9f0fa6bb49e28317e0"}
,"C:\\Users\\Windows 10\\Desktop\\desafio\\desafio-hand-talk\\src\\components\\header\\header.styles.ts": {"path":"C:\\Users\\Windows 10\\Desktop\\desafio\\desafio-hand-talk\\src\\components\\header\\header.styles.ts","statementMap":{"0":{"start":{"line":3,"column":25},"end":{"line":11,"column":1}},"1":{"start":{"line":14,"column":20},"end":{"line":16,"column":1}},"2":{"start":{"line":18,"column":21},"end":{"line":22,"column":1}},"3":{"start":{"line":24,"column":21},"end":{"line":27,"column":1}}},"fnMap":{},"branchMap":{},"s":{"0":1,"1":1,"2":1,"3":1},"f":{},"b":{},"_coverageSchema":"1a1c01bbd47fc00a2c39e90264f33305004495a9","hash":"de88b4b14c45c83d7ccd98a988b1d4b16a58055a"}
,"C:\\Users\\Windows 10\\Desktop\\desafio\\desafio-hand-talk\\src\\components\\header\\header.view.tsx": {"path":"C:\\Users\\Windows 10\\Desktop\\desafio\\desafio-hand-talk\\src\\components\\header\\header.view.tsx","statementMap":{"0":{"start":{"line":6,"column":2},"end":{"line":14,"column":4}}},"fnMap":{"0":{"name":"Header","decl":{"start":{"line":5,"column":16},"end":{"line":5,"column":22}},"loc":{"start":{"line":5,"column":47},"end":{"line":15,"column":1}},"line":5}},"branchMap":{},"s":{"0":1},"f":{"0":1},"b":{},"_coverageSchema":"1a1c01bbd47fc00a2c39e90264f33305004495a9","hash":"fa16e9d2c82bdb2b23301a884c7d66ebbdf663a5"}
,"C:\\Users\\Windows 10\\Desktop\\desafio\\desafio-hand-talk\\src\\screens\\login\\login.styles.ts": {"path":"C:\\Users\\Windows 10\\Desktop\\desafio\\desafio-hand-talk\\src\\screens\\login\\login.styles.ts","statementMap":{"0":{"start":{"line":4,"column":25},"end":{"line":10,"column":1}},"1":{"start":{"line":12,"column":21},"end":{"line":17,"column":1}},"2":{"start":{"line":19,"column":22},"end":{"line":26,"column":1}},"3":{"start":{"line":28,"column":26},"end":{"line":32,"column":1}},"4":{"start":{"line":34,"column":25},"end":{"line":37,"column":1}}},"fnMap":{},"branchMap":{},"s":{"0":1,"1":1,"2":1,"3":1,"4":1},"f":{},"b":{},"_coverageSchema":"1a1c01bbd47fc00a2c39e90264f33305004495a9","hash":"6bc0aba366ebf49d69f1b28802b607b4a80216a8"}
,"C:\\Users\\Windows 10\\Desktop\\desafio\\desafio-hand-talk\\src\\screens\\login\\login.types.ts": {"path":"C:\\Users\\Windows 10\\Desktop\\desafio\\desafio-hand-talk\\src\\screens\\login\\login.types.ts","statementMap":{},"fnMap":{},"branchMap":{},"s":{},"f":{},"b":{},"_coverageSchema":"1a1c01bbd47fc00a2c39e90264f33305004495a9","hash":"26bb8a983b17e56b9aaab55f2800c493828b9cc5"}
,"C:\\Users\\Windows 10\\Desktop\\desafio\\desafio-hand-talk\\src\\screens\\login\\login.view.tsx": {"path":"C:\\Users\\Windows 10\\Desktop\\desafio\\desafio-hand-talk\\src\\screens\\login\\login.view.tsx","statementMap":{"0":{"start":{"line":10,"column":77},"end":{"line":10,"column":87}},"1":{"start":{"line":12,"column":2},"end":{"line":41,"column":4}}},"fnMap":{"0":{"name":"LoginView","decl":{"start":{"line":9,"column":16},"end":{"line":9,"column":25}},"loc":{"start":{"line":9,"column":28},"end":{"line":42,"column":1}},"line":9}},"branchMap":{},"s":{"0":3,"1":3},"f":{"0":3},"b":{},"_coverageSchema":"1a1c01bbd47fc00a2c39e90264f33305004495a9","hash":"17ab95766bb7afb0e2a5d260aab45fa55fb7b81c"}
}
