TN:
SF:src\components\customInput\colors.ts
FNF:0
FNH:0
DA:1,2
LF:1
LH:1
BRF:0
BRH:0
end_of_record
TN:
SF:src\components\customInput\customInput.styles.ts
FN:12,(anonymous_0)
FN:22,(anonymous_1)
FN:25,(anonymous_2)
FNF:3
FNH:3
FNDA:2,(anonymous_0)
FNDA:9,(anonymous_1)
FNDA:9,(anonymous_2)
DA:4,2
DA:9,2
DA:13,2
DA:16,2
DA:23,9
DA:26,9
LF:6
LH:6
BRDA:13,0,0,1
BRDA:13,0,1,1
BRDA:23,1,0,1
BRDA:23,1,1,8
BRDA:26,2,0,1
BRDA:26,2,1,8
BRF:6
BRH:6
end_of_record
TN:
SF:src\components\customInput\customInput.view.tsx
FN:6,CustomInput
FNF:1
FNH:1
FNDA:9,CustomInput
DA:7,9
DA:9,9
LF:2
LH:2
BRDA:7,0,0,2
BRDA:11,1,0,9
BRDA:11,1,1,2
BRF:3
BRH:3
end_of_record
TN:
SF:src\components\customInput\index.tsx
FNF:0
FNH:0
LF:0
LH:0
BRF:0
BRH:0
end_of_record
TN:
SF:src\components\header\header.styles.ts
FNF:0
FNH:0
DA:3,1
DA:14,1
DA:18,1
DA:24,1
LF:4
LH:4
BRF:0
BRH:0
end_of_record
TN:
SF:src\components\header\header.view.tsx
FN:5,Header
FNF:1
FNH:1
FNDA:1,Header
DA:6,1
LF:1
LH:1
BRF:0
BRH:0
end_of_record
TN:
SF:src\screens\login\login.styles.ts
FNF:0
FNH:0
DA:4,1
DA:12,1
DA:19,1
DA:28,1
DA:34,1
LF:5
LH:5
BRF:0
BRH:0
end_of_record
TN:
SF:src\screens\login\login.types.ts
FNF:0
FNH:0
LF:0
LH:0
BRF:0
BRH:0
end_of_record
TN:
SF:src\screens\login\login.view.tsx
FN:9,LoginView
FNF:1
FNH:1
FNDA:3,LoginView
DA:10,3
DA:12,3
LF:2
LH:2
BRF:0
BRH:0
end_of_record
